Parsing Feb2022_ROV_Sponge_Coral_MPA project data on 2022-05-12

Error: 
No Heading Depth files were found!
Error: 
No Tritech files were found!
Error: 
No RBR files were found!
Error: 
No hemisphere position files were found!
Error: 
No hemisphere heading files were found!
Error: 
No TrackMan files were found!
Error: 
No DVL files were found!
Error: 
No MiniZeus files were found!
Error: 
No Zeus_Cans files were found!

Creating 'Manual_Beacon_Tracking_MasterLog.csv'

Warning in file(file, "rt") :
  cannot open file 'C:/Users/SnowBe/Documents/Phantom-ROV-Hypack-Data-Processing/Feb2022_ROV_Sponge_Coral_MPA/Data/2.ASDL_Processed_Data/TrackMan_Beacons_MasterLog.csv': No such file or directory
Error in file(file, "rt") : cannot open the connection
Warning in file(file, "rt") :
  cannot open file 'C:/Users/SnowBe/Documents/Phantom-ROV-Hypack-Data-Processing/Feb2022_ROV_Sponge_Coral_MPA/Data/2.ASDL_Processed_Data/Hemisphere_GPS_MasterLog.csv': No such file or directory
Error in file(file, "rt") : cannot open the connection
Error in filter(Track_all, DistanceX_m != 0 & DistanceY_m != 0 & Error_Code ==  : 
  object 'Track_all' not found
Error in left_join(TrackMan, GPS_all, by = "Datetime") : 
  object 'TrackMan' not found
Error: object 'New_Tracking' not found
Error: object 'New_Tracking' not found
Error in hist(New_Tracking$Distance, breaks = 30) : 
  object 'New_Tracking' not found
Error: object 'New_Tracking' not found
Error in bearing > 360 : 
  comparison (6) is possible only for atomic and list types
Error in as.vector(x, mode) : 
  cannot coerce type 'closure' to vector of type 'any'
Error: object 'Beacon_Coords' not found
Error: object 'Beacon_Coords' not found
Error in plot(New_Tracking$Beacon_Longitude, New_Tracking$Beacon_Latitude,  : 
  object 'New_Tracking' not found
Error: object 'New_Tracking' not found
Error in summary(New_Tracking) : object 'New_Tracking' not found
Error in is.data.frame(x) : object 'New_Tracking' not found

Finished: Time difference of 4.11495089531 secs
